/*C3*/SET SCHEMA PUBLIC
DISCONNECT
/*C4*/SET SCHEMA PUBLIC
DISCONNECT
/*C5*/SET SCHEMA PUBLIC
INSERT INTO USUARIO VALUES(16,'admin','root','123','GESTOR DE ESTOQUE')
COMMIT
DISCONNECT
/*C6*/SET SCHEMA PUBLIC
DISCONNECT
/*C7*/SET SCHEMA PUBLIC
DELETE FROM USUARIO WHERE ID=16
COMMIT
DISCONNECT
/*C8*/SET SCHEMA PUBLIC
DISCONNECT
/*C9*/SET SCHEMA PUBLIC
DISCONNECT
/*C10*/SET SCHEMA PUBLIC
DISCONNECT
/*C11*/SET SCHEMA PUBLIC
INSERT INTO USUARIO VALUES(17,'admin','root','123','GESTOR DE ESTOQUE')
COMMIT
DISCONNECT
/*C12*/SET SCHEMA PUBLIC
DISCONNECT
/*C13*/SET SCHEMA PUBLIC
DELETE FROM USUARIO WHERE ID=17
COMMIT
DISCONNECT
/*C14*/SET SCHEMA PUBLIC
DISCONNECT
